<?xml version="1.0" encoding="UTF-8"?>
<!-- Generated by org.testng.reporters.JUnitReportReporter -->
<testsuite skipped="0" hostname="Sajeduls-MBP-2.fios-router.home" name="Testing.TestRunner" tests="1" failures="0" timestamp="06 Feb 2020 17:42:25 GMT" time="1.041" errors="0">
  <testcase name="quickViewItem" time="1.041" classname="Testing.TestRunner"/>
</testsuite> <!-- Testing.TestRunner -->
