<?xml version="1.0" encoding="UTF-8"?>
<!-- Generated by org.testng.reporters.JUnitReportReporter -->
<testsuite skipped="0" hostname="Sajeduls-MBP-2.fios-router.home" name="Testing.TestRunner" tests="1" failures="0" timestamp="25 Jan 2020 19:22:12 GMT" time="13.367" errors="0">
  <testcase name="addProductToCart" time="13.367" classname="Testing.TestRunner"/>
</testsuite> <!-- Testing.TestRunner -->
