<?xml version="1.0" encoding="UTF-8"?>
<!-- Generated by org.testng.reporters.JUnitReportReporter -->
<testsuite skipped="9" hostname="Sajeduls-MacBook-Pro-2.local" name="Testing.TestRunner" tests="11" failures="0" timestamp="09 Feb 2020 22:23:39 GMT" time="15.716" errors="1">
  <testcase name="goToPinkShirtPage" time="10.019" classname="Testing.TestRunner">
    <skipped/>
  </testcase> <!-- goToPinkShirtPage -->
  <testcase name="addProductToWishlist" time="0.000" classname="Testing.TestRunner">
    <skipped/>
  </testcase> <!-- addProductToWishlist -->
  <testcase name="logInTest" time="0.000" classname="Testing.TestRunner">
    <skipped/>
  </testcase> <!-- logInTest -->
  <testcase name="goToWishlistPage" time="0.000" classname="Testing.TestRunner">
    <skipped/>
  </testcase> <!-- goToWishlistPage -->
  <testcase name="addProductToCart" time="5.694" classname="Testing.TestRunner"/>
  <testcase name="quickViewItem" time="0.000" classname="Testing.TestRunner">
    <skipped/>
  </testcase> <!-- quickViewItem -->
  <testcase name="undoDeletedProduct" time="0.000" classname="Testing.TestRunner">
    <skipped/>
  </testcase> <!-- undoDeletedProduct -->
  <testcase name="startBrowser" time="0.003" classname="Testing.TestRunner">
    <error type="java.lang.IllegalStateException" message="The driver executable does not exist: /Users/Razzy/eclipse-workspace/ShopToolsJanuary2020/geckodriver">
      <![CDATA[java.lang.IllegalStateException: The driver executable does not exist: /Users/Razzy/eclipse-workspace/ShopToolsJanuary2020/geckodriver
at com.google.common.base.Preconditions.checkState(Preconditions.java:589)
at org.openqa.selenium.remote.service.DriverService.checkExecutable(DriverService.java:147)
at org.openqa.selenium.remote.service.DriverService.findExecutable(DriverService.java:142)
at org.openqa.selenium.firefox.GeckoDriverService.access$100(GeckoDriverService.java:41)
at org.openqa.selenium.firefox.GeckoDriverService$Builder.findDefaultExecutable(GeckoDriverService.java:165)
at org.openqa.selenium.remote.service.DriverService$Builder.build(DriverService.java:363)
at org.openqa.selenium.firefox.FirefoxDriver.toExecutor(FirefoxDriver.java:181)
at org.openqa.selenium.firefox.FirefoxDriver.<init>(FirefoxDriver.java:154)
at org.openqa.selenium.firefox.FirefoxDriver.<init>(FirefoxDriver.java:132)
at Testing.TestBase.goToURLUsing(TestBase.java:21)
at Testing.TestRunner.startBrowser(TestRunner.java:24)
at sun.reflect.NativeMethodAccessorImpl.invoke0(Native Method)
at sun.reflect.NativeMethodAccessorImpl.invoke(NativeMethodAccessorImpl.java:62)
at sun.reflect.DelegatingMethodAccessorImpl.invoke(DelegatingMethodAccessorImpl.java:43)
at java.lang.reflect.Method.invoke(Method.java:498)
at org.testng.internal.MethodInvocationHelper.invokeMethod(MethodInvocationHelper.java:124)
at org.testng.internal.MethodInvocationHelper.invokeMethodConsideringTimeout(MethodInvocationHelper.java:59)
at org.testng.internal.Invoker.invokeConfigurationMethod(Invoker.java:458)
at org.testng.internal.Invoker.invokeConfigurations(Invoker.java:222)
at org.testng.internal.Invoker.invokeMethod(Invoker.java:523)
at org.testng.internal.Invoker.invokeTestMethod(Invoker.java:719)
at org.testng.internal.Invoker.invokeTestMethods(Invoker.java:989)
at org.testng.internal.TestMethodWorker.invokeTestMethods(TestMethodWorker.java:125)
at org.testng.internal.TestMethodWorker.run(TestMethodWorker.java:109)
at org.testng.TestRunner.privateRun(TestRunner.java:648)
at org.testng.TestRunner.run(TestRunner.java:505)
at org.testng.SuiteRunner.runTest(SuiteRunner.java:455)
at org.testng.SuiteRunner.runSequentially(SuiteRunner.java:450)
at org.testng.SuiteRunner.privateRun(SuiteRunner.java:415)
at org.testng.SuiteRunner.run(SuiteRunner.java:364)
at org.testng.SuiteRunnerWorker.runSuite(SuiteRunnerWorker.java:52)
at org.testng.SuiteRunnerWorker.run(SuiteRunnerWorker.java:84)
at org.testng.TestNG.runSuitesSequentially(TestNG.java:1208)
at org.testng.TestNG.runSuitesLocally(TestNG.java:1137)
at org.testng.TestNG.runSuites(TestNG.java:1049)
at org.testng.TestNG.run(TestNG.java:1017)
at org.testng.remote.AbstractRemoteTestNG.run(AbstractRemoteTestNG.java:115)
at org.testng.remote.RemoteTestNG.initAndRun(RemoteTestNG.java:251)
at org.testng.remote.RemoteTestNG.main(RemoteTestNG.java:77)
]]>
    </error>
  </testcase> <!-- startBrowser -->
  <testcase name="increaseQuantityOfItem" time="0.000" classname="Testing.TestRunner">
    <skipped/>
  </testcase> <!-- increaseQuantityOfItem -->
  <testcase name="logOutTest" time="0.000" classname="Testing.TestRunner">
    <skipped/>
  </testcase> <!-- logOutTest -->
  <testcase name="deleteProductFromCart" time="0.000" classname="Testing.TestRunner">
    <skipped/>
  </testcase> <!-- deleteProductFromCart -->
</testsuite> <!-- Testing.TestRunner -->
